This is LuaHBTeX, Version 1.15.1 (MiKTeX 22.10) (format=lualatex 2022.10.29)  30 APR 2024 23:12
 restricted system commands enabled.
 file:line:error style messages enabled.
**"c:/Users/Adrien Dubois/Desktop/M1/CGDI/projet_cgdi_courbes_carac/rapport/mai
n/main"

("c:/Users/Adrien Dubois/Desktop/M1/CGDI/projet_cgdi_courbes_carac/rapport/main
/main.tex"
LaTeX2e <2022-06-01> patch level 5
Lua module: luaotfload 2022-10-03 3.23 Lua based OpenType font support
Lua module: lualibs 2022-10-04 2.75 ConTeXt Lua standard libraries.
Lua module: lualibs-extended 2022-10-04 2.75 ConTeXt Lua libraries -- extended c
ollection.
luaotfload | conf : Root cache directory is "C:/Users/Adrien Dubois/AppData/Loca
l/MiKTeX/luatex-cache/generic/names".
luaotfload | init : Loading fontloader "fontloader-2022-10-03.lua" from kpse-res
olved path "C:/Users/Adrien Dubois/AppData/Local/Programs/MiKTeX/tex/luatex/luao
tfload/fontloader-2022-10-03.lua".
Lua-only attribute luaotfload@noligature = 1
luaotfload | init : Context OpenType loader version 3.120
Inserting `luaotfload.node_processor' at position 1 in `pre_linebreak_filter'.
Inserting `luaotfload.node_processor' at position 1 in `hpack_filter'.
Inserting `luaotfload.glyph_stream' at position 1 in `glyph_stream_provider'.
Inserting `luaotfload.define_font' at position 1 in `define_font'.
Lua-only attribute luaotfload_color_attribute = 2
luaotfload | conf : Root cache directory is "C:/Users/Adrien Dubois/AppData/Loca
l/MiKTeX/luatex-cache/generic/names".
Inserting `luaotfload.harf.strip_prefix' at position 1 in `find_opentype_file'.
Inserting `luaotfload.harf.strip_prefix' at position 1 in `find_truetype_file'.
Removing  `luaotfload.glyph_stream' from `glyph_stream_provider'.
Inserting `luaotfload.harf.glyphstream' at position 1 in `glyph_stream_provider'
.
Inserting `luaotfload.harf.finalize_vlist' at position 1 in `post_linebreak_filt
er'.
Inserting `luaotfload.harf.finalize_hlist' at position 2 in `hpack_filter'.
Inserting `luaotfload.cleanup_files' at position 1 in `wrapup_run'.
Inserting `luaotfload.harf.finalize_unicode' at position 1 in `finish_pdffile'.
Inserting `luaotfload.glyphinfo' at position 1 in `glyph_info'.
Lua-only attribute luaotfload.letterspace_done = 3
Inserting `luaotfload.aux.set_sscale_dimens' at position 1 in `luaotfload.patch_
font'.
Inserting `luaotfload.aux.set_font_index' at position 2 in `luaotfload.patch_fon
t'.
Inserting `luaotfload.aux.patch_cambria_domh' at position 3 in `luaotfload.patch
_font'.
Inserting `luaotfload.aux.fixup_fontdata' at position 1 in `luaotfload.patch_fon
t_unsafe'.
Inserting `luaotfload.aux.set_capheight' at position 4 in `luaotfload.patch_font
'.
Inserting `luaotfload.aux.set_xheight' at position 5 in `luaotfload.patch_font'.
Inserting `luaotfload.rewrite_fontname' at position 6 in `luaotfload.patch_font'
. L3 programming layer <2022-09-28>
Inserting `tracingstacklevels' at position 1 in `input_level_string'.
("C:/Users/Adrien Dubois/AppData/Local/Programs/MiKTeX/tex/latex/base/article.c
ls"
Document Class: article 2021/10/04 v1.4n Standard LaTeX document class

("C:/Users/Adrien Dubois/AppData/Local/Programs/MiKTeX/tex/latex/base/size10.cl
o"
File: size10.clo 2021/10/04 v1.4n Standard LaTeX file (size option)
luaotfload | db : Font names database loaded from C:/Users/Adrien Dubois/AppData
/Local/MiKTeX/luatex-cache/generic/names/luaotfload-names.luc.gz)
\c@part=\count183
\c@section=\count184
\c@subsection=\count185
\c@subsubsection=\count186
\c@paragraph=\count187
\c@subparagraph=\count188
\c@figure=\count189
\c@table=\count190
\abovecaptionskip=\skip47
\belowcaptionskip=\skip48
\bibindent=\dimen137
)
("C:/Users/Adrien Dubois/AppData/Local/Programs/MiKTeX/tex/latex/base/inputenc.
sty"
Package: inputenc 2021/02/14 v1.3d Input encoding file
\inpenc@prehook=\toks16
\inpenc@posthook=\toks17


Package inputenc Warning: inputenc package ignored with utf8 based engines.

)
("C:/Users/Adrien Dubois/AppData/Local/Programs/MiKTeX/tex/latex/base/fontenc.s
ty"
Package: fontenc 2021/04/29 v2.0v Standard LaTeX package
LaTeX Font Info:    Trying to load font information for T1+lmr on input line 11
2.
 ("C:/Users/Adrien Dubois/AppData/Local/Programs/MiKTeX/tex/latex/lm/t1lmr.fd"
File: t1lmr.fd 2015/05/01 v1.6.1 Font defs for Latin Modern
))
("C:/Users/Adrien Dubois/AppData/Local/Programs/MiKTeX/tex/latex/geometry/geome
try.sty"
Package: geometry 2020/01/02 v5.9 Page Geometry

("C:/Users/Adrien Dubois/AppData/Local/Programs/MiKTeX/tex/latex/graphics/keyva
l.sty"
Package: keyval 2022/05/29 v1.15 key=value parser (DPC)
\KV@toks@=\toks18
)
("C:/Users/Adrien Dubois/AppData/Local/Programs/MiKTeX/tex/generic/iftex/ifvtex
.sty"
Package: ifvtex 2019/10/25 v1.7 ifvtex legacy package. Use iftex instead.

("C:/Users/Adrien Dubois/AppData/Local/Programs/MiKTeX/tex/generic/iftex/iftex.
sty"
Package: iftex 2022/02/03 v1.0f TeX engine tests
))
\Gm@cnth=\count191
\Gm@cntv=\count192
\c@Gm@tempcnt=\count193
\Gm@bindingoffset=\dimen138
\Gm@wd@mp=\dimen139
\Gm@odd@mp=\dimen140
\Gm@even@mp=\dimen141
\Gm@layoutwidth=\dimen142
\Gm@layoutheight=\dimen143
\Gm@layouthoffset=\dimen144
\Gm@layoutvoffset=\dimen145
\Gm@dimlist=\toks19

("C:/Users/Adrien Dubois/AppData/Local/Programs/MiKTeX/tex/latex/geometry/geome
try.cfg"))
("C:/Users/Adrien Dubois/AppData/Local/Programs/MiKTeX/tex/latex/polyglossia/po
lyglossia.sty"
Package: polyglossia 2022/07/18 v1.57 Modern multilingual typesetting with XeLa
TeX and LuaLaTeX

("C:/Users/Adrien Dubois/AppData/Local/Programs/MiKTeX/tex/latex/etoolbox/etool
box.sty"
Package: etoolbox 2020/10/05 v2.5k e-TeX tools for LaTeX (JAW)
\etb@tempcnta=\count194
)
("C:/Users/Adrien Dubois/AppData/Local/Programs/MiKTeX/tex/latex/makecmds/makec
mds.sty"
Package: makecmds 2009/09/03 v1.0a extra command making commands
)
("C:/Users/Adrien Dubois/AppData/Local/Programs/MiKTeX/tex/latex/xkeyval/xkeyva
l.sty"
Package: xkeyval 2022/06/16 v2.9 package option processing (HA)

("C:/Users/Adrien Dubois/AppData/Local/Programs/MiKTeX/tex/generic/xkeyval/xkey
val.tex"
("C:/Users/Adrien Dubois/AppData/Local/Programs/MiKTeX/tex/generic/xkeyval/xkvu
tils.tex"
\XKV@toks=\toks20
\XKV@tempa@toks=\toks21
)
\XKV@depth=\count195
File: xkeyval.tex 2014/12/03 v2.7a key=value parser (HA)
))
("C:/Users/Adrien Dubois/AppData/Local/Programs/MiKTeX/tex/latex/fontspec/fonts
pec.sty"
("C:/Users/Adrien Dubois/AppData/Local/Programs/MiKTeX/tex/latex/l3packages/xpa
rse/xparse.sty"
("C:/Users/Adrien Dubois/AppData/Local/Programs/MiKTeX/tex/latex/l3kernel/expl3
.sty"
Package: expl3 2022-09-28 L3 programming layer (loader) 

("C:/Users/Adrien Dubois/AppData/Local/Programs/MiKTeX/tex/latex/l3backend/l3ba
ckend-luatex.def"
File: l3backend-luatex.def 2022-09-28 L3 backend support: PDF output (LuaTeX)
\l__color_backend_stack_int=\count196
\l__pdf_internal_box=\box51
))
Package: xparse 2022-06-22 L3 Experimental document command parser
)
Package: fontspec 2022/01/15 v2.8a Font selection for XeLaTeX and LuaLaTeX
Lua module: fontspec 2022/01/15 2.8a Font selection for XeLaTeX and LuaLaTeX
("C:/Users/Adrien Dubois/AppData/Local/Programs/MiKTeX/tex/latex/fontspec/fonts
pec-luatex.sty"
Package: fontspec-luatex 2022/01/15 v2.8a Font selection for XeLaTeX and LuaLaT
eX
\l__fontspec_script_int=\count197
\l__fontspec_language_int=\count198
\l__fontspec_strnum_int=\count199
\l__fontspec_tmp_int=\count266
\l__fontspec_tmpa_int=\count267
\l__fontspec_tmpb_int=\count268
\l__fontspec_tmpc_int=\count269
\l__fontspec_em_int=\count270
\l__fontspec_emdef_int=\count271
\l__fontspec_strong_int=\count272
\l__fontspec_strongdef_int=\count273
\l__fontspec_tmpa_dim=\dimen146
\l__fontspec_tmpb_dim=\dimen147
\l__fontspec_tmpc_dim=\dimen148

("C:/Users/Adrien Dubois/AppData/Local/Programs/MiKTeX/tex/latex/base/fontenc.s
ty"
Package: fontenc 2021/04/29 v2.0v Standard LaTeX package
)
("C:/Users/Adrien Dubois/AppData/Local/Programs/MiKTeX/tex/latex/fontspec/fonts
pec.cfg")))
("C:/Users/Adrien Dubois/AppData/Local/Programs/MiKTeX/tex/latex/l3packages/l3k
eys2e/l3keys2e.sty"
Package: l3keys2e 2022-06-22 LaTeX2e option processing using LaTeX3 keys
)
("C:/Users/Adrien Dubois/AppData/Local/Programs/MiKTeX/tex/luatex/luatexbase/lu
atexbase.sty"
Package: luatexbase 2015/10/04 v1.3 luatexbase interface to LuaTeX 

("C:/Users/Adrien Dubois/AppData/Local/Programs/MiKTeX/tex/luatex/ctablestack/c
tablestack.sty"
Package: ctablestack 2015/10/01 v1.0 Catcode table stable support
\@catcodetablestackcnt=\count274
)
\CatcodeTableOther=\catcodetable12
\CatcodeTableExpl=\catcodetable13
)
Lua module: polyglossia 2013/05/11 1.3 Polyglossia
("C:/Users/Adrien Dubois/AppData/Local/Programs/MiKTeX/tex/latex/polyglossia/gl
oss-latex.lde"
Package: gloss-latex 2021/07/10 vv1.53 polyglossia: module for default language

The property list \polyglossia@langsetup contains the pairs (without outer
braces):
>  {latex/script}  =>  {latin}
>  {latex/lcscript}  =>  {latin}
>  {latex/scripttag}  =>  {}
>  {latex/language}  =>  {Latex}
>  {latex/langtag}  =>  {ENG}
>  {latex/bcp47}  =>  {}
>  {latex/hyphennames}  =>  {english}
>  {latex/direction}  =>  {LR}
>  {latex/hyphenmins}  =>  {2,3}
>  {latex/frenchspacing}  =>  {false}
>  {latex/indentfirst}  =>  {false}
>  {latex/fontsetup}  =>  {true}
>  {latex/envname}  =>  {latex}
>  {latex/babelname}  =>  {latex}
>  {latex/localnumeral}  =>  {polyglossia@C@localnumeral}
>  {latex/Localnumeral}  =>  {polyglossia@C@localnumeral}
>  {latex/DefineCommandsCmd}  =>  {use_none:n}.
)
Package polyglossia Info: Default language is latex.
Package polyglossia Info: Setting LuaTeX font renderer to Harfbuzz.
)
("C:/Users/Adrien Dubois/AppData/Local/Programs/MiKTeX/tex/latex/mathtools/math
tools.sty"
Package: mathtools 2022/06/29 v1.29 mathematical typesetting tools

("C:/Users/Adrien Dubois/AppData/Local/Programs/MiKTeX/tex/latex/tools/calc.sty
"
Package: calc 2017/05/25 v4.3 Infix arithmetic (KKT,FJ)
\calc@Acount=\count275
\calc@Bcount=\count276
\calc@Adimen=\dimen149
\calc@Bdimen=\dimen150
\calc@Askip=\skip49
\calc@Bskip=\skip50
LaTeX Info: Redefining \setlength on input line 80.
LaTeX Info: Redefining \addtolength on input line 81.
\calc@Ccount=\count277
\calc@Cskip=\skip51
)
("C:/Users/Adrien Dubois/AppData/Local/Programs/MiKTeX/tex/latex/mathtools/mhse
tup.sty"
Package: mhsetup 2021/03/18 v1.4 programming setup (MH)
)
("C:/Users/Adrien Dubois/AppData/Local/Programs/MiKTeX/tex/latex/amsmath/amsmat
h.sty"
Package: amsmath 2022/04/08 v2.17n AMS math features
\@mathmargin=\skip52

For additional information on amsmath, use the `?' option.

("C:/Users/Adrien Dubois/AppData/Local/Programs/MiKTeX/tex/latex/amsmath/amstex
t.sty"
Package: amstext 2021/08/26 v2.01 AMS text

("C:/Users/Adrien Dubois/AppData/Local/Programs/MiKTeX/tex/latex/amsmath/amsgen
.sty"
File: amsgen.sty 1999/11/30 v2.0 generic functions
\@emptytoks=\toks22
\ex@=\dimen151
))
("C:/Users/Adrien Dubois/AppData/Local/Programs/MiKTeX/tex/latex/amsmath/amsbsy
.sty"
Package: amsbsy 1999/11/29 v1.2d Bold Symbols
\pmbraise@=\dimen152
)
("C:/Users/Adrien Dubois/AppData/Local/Programs/MiKTeX/tex/latex/amsmath/amsopn
.sty"
Package: amsopn 2022/04/08 v2.04 operator names
)
\inf@bad=\count278
LaTeX Info: Redefining \frac on input line 236.
\uproot@=\count279
\leftroot@=\count280
LaTeX Info: Redefining \overline on input line 399.
LaTeX Info: Redefining \colon on input line 410.
\classnum@=\count281
\DOTSCASE@=\count282
LaTeX Info: Redefining \ldots on input line 496.
LaTeX Info: Redefining \dots on input line 499.
LaTeX Info: Redefining \cdots on input line 620.
\Mathstrutbox@=\box52
\strutbox@=\box53
LaTeX Info: Redefining \big on input line 722.
LaTeX Info: Redefining \Big on input line 723.
LaTeX Info: Redefining \bigg on input line 724.
LaTeX Info: Redefining \Bigg on input line 725.
\big@size=\dimen153
LaTeX Font Info:    Redeclaring font encoding OML on input line 743.
LaTeX Font Info:    Redeclaring font encoding OMS on input line 744.
\macc@depth=\count283
LaTeX Info: Redefining \bmod on input line 905.
LaTeX Info: Redefining \pmod on input line 910.
LaTeX Info: Redefining \smash on input line 940.
LaTeX Info: Redefining \relbar on input line 970.
LaTeX Info: Redefining \Relbar on input line 971.
\c@MaxMatrixCols=\count284
\dotsspace@=\muskip16
\c@parentequation=\count285
\dspbrk@lvl=\count286
\tag@help=\toks23
\row@=\count287
\column@=\count288
\maxfields@=\count289
\andhelp@=\toks24
\eqnshift@=\dimen154
\alignsep@=\dimen155
\tagshift@=\dimen156
\tagwidth@=\dimen157
\totwidth@=\dimen158
\lineht@=\dimen159
\@envbody=\toks25
\multlinegap=\skip53
\multlinetaggap=\skip54
\mathdisplay@stack=\toks26
LaTeX Info: Redefining \[ on input line 2953.
LaTeX Info: Redefining \] on input line 2954.
)
\g_MT_multlinerow_int=\count290
\l_MT_multwidth_dim=\dimen160
\origjot=\skip55
\l_MT_shortvdotswithinadjustabove_dim=\dimen161
\l_MT_shortvdotswithinadjustbelow_dim=\dimen162
\l_MT_above_intertext_sep=\dimen163
\l_MT_below_intertext_sep=\dimen164
\l_MT_above_shortintertext_sep=\dimen165
\l_MT_below_shortintertext_sep=\dimen166
\xmathstrut@box=\box54
\xmathstrut@dim=\dimen167
)
("C:/Users/Adrien Dubois/AppData/Local/Programs/MiKTeX/tex/latex/amsfonts/amssy
mb.sty"
Package: amssymb 2013/01/14 v3.01 AMS font symbols

("C:/Users/Adrien Dubois/AppData/Local/Programs/MiKTeX/tex/latex/amsfonts/amsfo
nts.sty"
Package: amsfonts 2013/01/14 v3.01 Basic AMSFonts support
\symAMSa=\mathgroup4
\symAMSb=\mathgroup5
LaTeX Font Info:    Redeclaring math symbol \hbar on input line 98.
LaTeX Font Info:    Overwriting math alphabet `\mathfrak' in version `bold'
(Font)                  U/euf/m/n --> U/euf/b/n on input line 106.
))
("C:/Users/Adrien Dubois/AppData/Local/Programs/MiKTeX/tex/latex/amscls/amsthm.
sty"
Package: amsthm 2020/05/29 v2.20.6
\thm@style=\toks27
\thm@bodyfont=\toks28
\thm@headfont=\toks29
\thm@notefont=\toks30
\thm@headpunct=\toks31
\thm@preskip=\skip56
\thm@postskip=\skip57
\thm@headsep=\skip58
\dth@everypar=\toks32
)
("C:/Users/Adrien Dubois/AppData/Local/Programs/MiKTeX/tex/latex/caption/captio
n.sty"
Package: caption 2022/03/01 v3.6b Customizing captions (AR)

("C:/Users/Adrien Dubois/AppData/Local/Programs/MiKTeX/tex/latex/caption/captio
n3.sty"
Package: caption3 2022/03/17 v2.3b caption3 kernel (AR)
\caption@tempdima=\dimen168
\captionmargin=\dimen169
\caption@leftmargin=\dimen170
\caption@rightmargin=\dimen171
\caption@width=\dimen172
\caption@indent=\dimen173
\caption@parindent=\dimen174
\caption@hangindent=\dimen175
Package caption Info: Standard document class detected.
)
\c@caption@flags=\count291
\c@continuedfloat=\count292
)
("C:/Users/Adrien Dubois/AppData/Local/Programs/MiKTeX/tex/latex/mdwtools/footn
ote.sty"
Package: footnote 1997/01/28 1.13 Save footnotes around boxes
\fn@notes=\box55
\fn@width=\dimen176
)
("C:/Users/Adrien Dubois/AppData/Local/Programs/MiKTeX/tex/latex/hyperref/hyper
ref.sty"
Package: hyperref 2022-09-22 v7.00t Hypertext links for LaTeX

("C:/Users/Adrien Dubois/AppData/Local/Programs/MiKTeX/tex/generic/ltxcmds/ltxc
mds.sty"
Package: ltxcmds 2020-05-10 v1.25 LaTeX kernel commands for general use (HO)
)
("C:/Users/Adrien Dubois/AppData/Local/Programs/MiKTeX/tex/generic/pdftexcmds/p
dftexcmds.sty"
Package: pdftexcmds 2020-06-27 v0.33 Utility functions of pdfTeX for LuaTeX (HO
)

("C:/Users/Adrien Dubois/AppData/Local/Programs/MiKTeX/tex/generic/infwarerr/in
fwarerr.sty"
Package: infwarerr 2019/12/03 v1.5 Providing info/warning/error messages (HO)
)
Package pdftexcmds Info: \pdf@primitive is available.
Package pdftexcmds Info: \pdf@ifprimitive is available.
Package pdftexcmds Info: \pdfdraftmode found.
\pdftexcmds@toks=\toks33
)
("C:/Users/Adrien Dubois/AppData/Local/Programs/MiKTeX/tex/latex/kvsetkeys/kvse
tkeys.sty"
Package: kvsetkeys 2022-10-05 v1.19 Key value parser (HO)
)
("C:/Users/Adrien Dubois/AppData/Local/Programs/MiKTeX/tex/generic/kvdefinekeys
/kvdefinekeys.sty"
Package: kvdefinekeys 2019-12-19 v1.6 Define keys (HO)
)
("C:/Users/Adrien Dubois/AppData/Local/Programs/MiKTeX/tex/generic/pdfescape/pd
fescape.sty"
Package: pdfescape 2019/12/09 v1.15 Implements pdfTeX's escape features (HO)
)
("C:/Users/Adrien Dubois/AppData/Local/Programs/MiKTeX/tex/latex/hycolor/hycolo
r.sty"
Package: hycolor 2020-01-27 v1.10 Color options for hyperref/bookmark (HO)
)
("C:/Users/Adrien Dubois/AppData/Local/Programs/MiKTeX/tex/latex/letltxmacro/le
tltxmacro.sty"
Package: letltxmacro 2019/12/03 v1.6 Let assignment for LaTeX macros (HO)
)
("C:/Users/Adrien Dubois/AppData/Local/Programs/MiKTeX/tex/latex/auxhook/auxhoo
k.sty"
Package: auxhook 2019-12-17 v1.6 Hooks for auxiliary files (HO)
)
("C:/Users/Adrien Dubois/AppData/Local/Programs/MiKTeX/tex/latex/hyperref/namer
ef.sty"
Package: nameref 2022-05-17 v2.50 Cross-referencing by name of section

("C:/Users/Adrien Dubois/AppData/Local/Programs/MiKTeX/tex/latex/refcount/refco
unt.sty"
Package: refcount 2019/12/15 v3.6 Data extraction from label references (HO)
)
("C:/Users/Adrien Dubois/AppData/Local/Programs/MiKTeX/tex/generic/gettitlestri
ng/gettitlestring.sty"
Package: gettitlestring 2019/12/15 v1.6 Cleanup title references (HO)

("C:/Users/Adrien Dubois/AppData/Local/Programs/MiKTeX/tex/latex/kvoptions/kvop
tions.sty"
Package: kvoptions 2022-06-15 v3.15 Key value format for package options (HO)
))
\c@section@level=\count293
)
\@linkdim=\dimen177
\Hy@linkcounter=\count294
\Hy@pagecounter=\count295

("C:/Users/Adrien Dubois/AppData/Local/Programs/MiKTeX/tex/latex/hyperref/pd1en
c.def"
File: pd1enc.def 2022-09-22 v7.00t Hyperref: PDFDocEncoding definition (HO)
)
("C:/Users/Adrien Dubois/AppData/Local/Programs/MiKTeX/tex/generic/intcalc/intc
alc.sty"
Package: intcalc 2019/12/15 v1.3 Expandable calculations with integers (HO)
)
("C:/Users/Adrien Dubois/AppData/Local/Programs/MiKTeX/tex/generic/etexcmds/ete
xcmds.sty"
Package: etexcmds 2019/12/15 v1.7 Avoid name clashes with e-TeX commands (HO)
)
\Hy@SavedSpaceFactor=\count296

("C:/Users/Adrien Dubois/AppData/Local/Programs/MiKTeX/tex/latex/hyperref/puenc
.def"
File: puenc.def 2022-09-22 v7.00t Hyperref: PDF Unicode definition (HO)
)
Package hyperref Info: Hyper figures OFF on input line 4162.
Package hyperref Info: Link nesting OFF on input line 4167.
Package hyperref Info: Hyper index ON on input line 4170.
Package hyperref Info: Plain pages OFF on input line 4177.
Package hyperref Info: Backreferencing OFF on input line 4182.
Package hyperref Info: Implicit mode ON; LaTeX internals redefined.
\stockwidth=\dimen178
\stockheight=\dimen179
Package hyperref Info: Bookmarks ON on input line 4410.
\c@Hy@tempcnt=\count297

("C:/Users/Adrien Dubois/AppData/Local/Programs/MiKTeX/tex/latex/url/url.sty"
\Urlmuskip=\muskip17
Package: url 2013/09/16  ver 3.4  Verb mode for urls, etc.
)
LaTeX Info: Redefining \url on input line 4748.
\XeTeXLinkMargin=\dimen180

("C:/Users/Adrien Dubois/AppData/Local/Programs/MiKTeX/tex/generic/bitset/bitse
t.sty"
Package: bitset 2019/12/09 v1.3 Handle bit-vector datatype (HO)

("C:/Users/Adrien Dubois/AppData/Local/Programs/MiKTeX/tex/generic/bigintcalc/b
igintcalc.sty"
Package: bigintcalc 2019/12/15 v1.5 Expandable calculations on big integers (HO
)
))
\Fld@menulength=\count298
\Field@Width=\dimen181
\Fld@charsize=\dimen182
Package hyperref Info: Hyper figures OFF on input line 6027.
Package hyperref Info: Link nesting OFF on input line 6032.
Package hyperref Info: Hyper index ON on input line 6035.
Package hyperref Info: backreferencing OFF on input line 6042.
Package hyperref Info: Link coloring OFF on input line 6047.
Package hyperref Info: Link coloring with OCG OFF on input line 6052.
Package hyperref Info: PDF/A mode OFF on input line 6057.

("C:/Users/Adrien Dubois/AppData/Local/Programs/MiKTeX/tex/latex/base/atbegshi-
ltx.sty"
Package: atbegshi-ltx 2021/01/10 v1.0c Emulation of the original atbegshi
package with kernel methods
)
\Hy@abspage=\count299
\c@Item=\count300
\c@Hfootnote=\count301
)
Package hyperref Info: Driver (autodetected): hluatex.

("C:/Users/Adrien Dubois/AppData/Local/Programs/MiKTeX/tex/latex/hyperref/hluat
ex.def"
File: hluatex.def 2022-09-22 v7.00t Hyperref driver for luaTeX

("C:/Users/Adrien Dubois/AppData/Local/Programs/MiKTeX/tex/generic/stringenc/st
ringenc.sty"
Package: stringenc 2019/11/29 v1.12 Convert strings between diff. encodings (HO
)
)
("C:/Users/Adrien Dubois/AppData/Local/Programs/MiKTeX/tex/latex/base/atveryend
-ltx.sty"
Package: atveryend-ltx 2020/08/19 v1.0a Emulation of the original atveryend pac
kage
with kernel methods
)
\Fld@listcount=\count302
\c@bookmark@seq@number=\count303

("C:/Users/Adrien Dubois/AppData/Local/Programs/MiKTeX/tex/latex/rerunfilecheck
/rerunfilecheck.sty"
Package: rerunfilecheck 2022-07-10 v1.10 Rerun checks for auxiliary files (HO)

("C:/Users/Adrien Dubois/AppData/Local/Programs/MiKTeX/tex/generic/uniquecounte
r/uniquecounter.sty"
Package: uniquecounter 2019/12/15 v1.4 Provide unlimited unique counter (HO)
)
Package uniquecounter Info: New unique counter `rerunfilecheck' on input line 2
85.
)
\Hy@SectionHShift=\skip59
)
("C:/Users/Adrien Dubois/AppData/Local/Programs/MiKTeX/tex/latex/tools/multicol
.sty"
Package: multicol 2021/11/30 v1.9d multicolumn formatting (FMi)
\c@tracingmulticols=\count304
\mult@box=\box56
\multicol@leftmargin=\dimen183
\c@unbalance=\count305
\c@collectmore=\count306
\doublecol@number=\count307
\multicoltolerance=\count308
\multicolpretolerance=\count309
\full@width=\dimen184
\page@free=\dimen185
\premulticols=\dimen186
\postmulticols=\dimen187
\multicolsep=\skip60
\multicolbaselineskip=\skip61
\partial@page=\box57
\last@line=\box58
\maxbalancingoverflow=\dimen188
\mult@rightbox=\box59
\mult@grightbox=\box60
\mult@firstbox=\box61
\mult@gfirstbox=\box62
\@tempa=\box63
\@tempa=\box64
\@tempa=\box65
\@tempa=\box66
\@tempa=\box67
\@tempa=\box68
\@tempa=\box69
\@tempa=\box70
\@tempa=\box71
\@tempa=\box72
\@tempa=\box73
\@tempa=\box74
\@tempa=\box75
\@tempa=\box76
\@tempa=\box77
\@tempa=\box78
\@tempa=\box79
\@tempa=\box80
\@tempa=\box81
\@tempa=\box82
\@tempa=\box83
\@tempa=\box84
\@tempa=\box85
\@tempa=\box86
\@tempa=\box87
\@tempa=\box88
\@tempa=\box89
\@tempa=\box90
\@tempa=\box91
\@tempa=\box92
\@tempa=\box93
\@tempa=\box94
\@tempa=\box95
\@tempa=\box96
\@tempa=\box97
\@tempa=\box98
\c@minrows=\count310
\c@columnbadness=\count311
\c@finalcolumnbadness=\count312
\last@try=\dimen189
\multicolovershoot=\dimen190
\multicolundershoot=\dimen191
\mult@nat@firstbox=\box99
\colbreak@box=\box100
\mc@col@check@num=\count313
)
("C:/Users/Adrien Dubois/AppData/Local/Programs/MiKTeX/tex/latex/tools/array.st
y"
Package: array 2022/03/10 v2.5f Tabular extension package (FMi)
\col@sep=\dimen192
\ar@mcellbox=\box101
\extrarowheight=\dimen193
\NC@list=\toks34
\extratabsurround=\skip62
\backup@length=\skip63
\ar@cellbox=\box102
)
("C:/Users/Adrien Dubois/AppData/Local/Programs/MiKTeX/tex/latex/biblatex/bibla
tex.sty"
Package: biblatex 2022/07/12 v3.18b programmable bibliographies (PK/MW)

("C:/Users/Adrien Dubois/AppData/Local/Programs/MiKTeX/tex/latex/logreq/logreq.
sty"
Package: logreq 2010/08/04 v1.0 xml request logger
\lrq@indent=\count314

("C:/Users/Adrien Dubois/AppData/Local/Programs/MiKTeX/tex/latex/logreq/logreq.
def"
File: logreq.def 2010/08/04 v1.0 logreq spec v1.0
))
("C:/Users/Adrien Dubois/AppData/Local/Programs/MiKTeX/tex/latex/base/ifthen.st
y"
Package: ifthen 2022/04/13 v1.1d Standard LaTeX ifthen package (DPC)
)
\c@tabx@nest=\count315
\c@listtotal=\count316
\c@listcount=\count317
\c@liststart=\count318
\c@liststop=\count319
\c@citecount=\count320
\c@citetotal=\count321
\c@multicitecount=\count322
\c@multicitetotal=\count323
\c@instcount=\count324
\c@maxnames=\count325
\c@minnames=\count326
\c@maxitems=\count327
\c@minitems=\count328
\c@citecounter=\count329
\c@maxcitecounter=\count330
\c@savedcitecounter=\count331
\c@uniquelist=\count332
\c@uniquename=\count333
\c@refsection=\count334
\c@refsegment=\count335
\c@maxextratitle=\count336
\c@maxextratitleyear=\count337
\c@maxextraname=\count338
\c@maxextradate=\count339
\c@maxextraalpha=\count340
\c@abbrvpenalty=\count341
\c@highnamepenalty=\count342
\c@lownamepenalty=\count343
\c@maxparens=\count344
\c@parenlevel=\count345
\blx@tempcnta=\count346
\blx@tempcntb=\count347
\blx@tempcntc=\count348
\c@blx@maxsection=\count349
\blx@maxsegment@0=\count350
\blx@notetype=\count351
\blx@parenlevel@text=\count352
\blx@parenlevel@foot=\count353
\blx@sectionciteorder@0=\count354
\blx@sectionciteorderinternal@0=\count355
\blx@entrysetcounter=\count356
\blx@biblioinstance=\count357
\labelnumberwidth=\skip64
\labelalphawidth=\skip65
\biblabelsep=\skip66
\bibitemsep=\skip67
\bibnamesep=\skip68
\bibinitsep=\skip69
\bibparsep=\skip70
\bibhang=\skip71
\blx@bcfin=\read2
\blx@bcfout=\write3
\blx@langwohyphens=\language2
\c@mincomprange=\count358
\c@maxcomprange=\count359
\c@mincompwidth=\count360
Package biblatex Info: Trying to load biblatex default data model...
Package biblatex Info: ... file 'blx-dm.def' found.

("C:/Users/Adrien Dubois/AppData/Local/Programs/MiKTeX/tex/latex/biblatex/blx-d
m.def"
File: blx-dm.def 2022/07/12 v3.18b biblatex localization (PK/MW)
)
Package biblatex Info: Trying to load biblatex style data model...
Package biblatex Info: ... file 'alphabetic.dbx' not found.
Package biblatex Info: Trying to load biblatex custom data model...
Package biblatex Info: ... file 'biblatex-dm.cfg' not found.
\c@afterword=\count361
\c@savedafterword=\count362
\c@annotator=\count363
\c@savedannotator=\count364
\c@author=\count365
\c@savedauthor=\count366
\c@bookauthor=\count367
\c@savedbookauthor=\count368
\c@commentator=\count369
\c@savedcommentator=\count370
\c@editor=\count371
\c@savededitor=\count372
\c@editora=\count373
\c@savededitora=\count374
\c@editorb=\count375
\c@savededitorb=\count376
\c@editorc=\count377
\c@savededitorc=\count378
\c@foreword=\count379
\c@savedforeword=\count380
\c@holder=\count381
\c@savedholder=\count382
\c@introduction=\count383
\c@savedintroduction=\count384
\c@namea=\count385
\c@savednamea=\count386
\c@nameb=\count387
\c@savednameb=\count388
\c@namec=\count389
\c@savednamec=\count390
\c@translator=\count391
\c@savedtranslator=\count392
\c@shortauthor=\count393
\c@savedshortauthor=\count394
\c@shorteditor=\count395
\c@savedshorteditor=\count396
\c@labelname=\count397
\c@savedlabelname=\count398
\c@institution=\count399
\c@savedinstitution=\count400
\c@lista=\count401
\c@savedlista=\count402
\c@listb=\count403
\c@savedlistb=\count404
\c@listc=\count405
\c@savedlistc=\count406
\c@listd=\count407
\c@savedlistd=\count408
\c@liste=\count409
\c@savedliste=\count410
\c@listf=\count411
\c@savedlistf=\count412
\c@location=\count413
\c@savedlocation=\count414
\c@organization=\count415
\c@savedorganization=\count416
\c@origlocation=\count417
\c@savedoriglocation=\count418
\c@origpublisher=\count419
\c@savedorigpublisher=\count420
\c@publisher=\count421
\c@savedpublisher=\count422
\c@language=\count423
\c@savedlanguage=\count424
\c@origlanguage=\count425
\c@savedoriglanguage=\count426
\c@pageref=\count427
\c@savedpageref=\count428
\shorthandwidth=\skip72
\shortjournalwidth=\skip73
\shortserieswidth=\skip74
\shorttitlewidth=\skip75
\shortauthorwidth=\skip76
\shorteditorwidth=\skip77
\locallabelnumberwidth=\skip78
\locallabelalphawidth=\skip79
\localshorthandwidth=\skip80
\localshortjournalwidth=\skip81
\localshortserieswidth=\skip82
\localshorttitlewidth=\skip83
\localshortauthorwidth=\skip84
\localshorteditorwidth=\skip85
Package biblatex Info: Trying to load enhanced support for Unicode engines...
Package biblatex Info: ... file 'blx-unicode.def' found.

("C:/Users/Adrien Dubois/AppData/Local/Programs/MiKTeX/tex/latex/biblatex/blx-u
nicode.def")
Package biblatex Info: Trying to load compatibility code...
Package biblatex Info: ... file 'blx-compat.def' found.

("C:/Users/Adrien Dubois/AppData/Local/Programs/MiKTeX/tex/latex/biblatex/blx-c
ompat.def"
File: blx-compat.def 2022/07/12 v3.18b biblatex compatibility (PK/MW)
)
Package biblatex Info: Trying to load generic definitions...
Package biblatex Info: ... file 'biblatex.def' found.

("C:/Users/Adrien Dubois/AppData/Local/Programs/MiKTeX/tex/latex/biblatex/bibla
tex.def"
File: biblatex.def 2022/07/12 v3.18b biblatex compatibility (PK/MW)
\c@textcitecount=\count429
\c@textcitetotal=\count430
\c@textcitemaxnames=\count431
\c@biburlbigbreakpenalty=\count432
\c@biburlbreakpenalty=\count433
\c@biburlnumpenalty=\count434
\c@biburlucpenalty=\count435
\c@biburllcpenalty=\count436
\biburlbigskip=\muskip18
\biburlnumskip=\muskip19
\biburlucskip=\muskip20
\biburllcskip=\muskip21
\c@smartand=\count437
)
Package biblatex Info: Trying to load bibliography style 'alphabetic'...
Package biblatex Info: ... file 'alphabetic.bbx' found.

("C:/Users/Adrien Dubois/AppData/Local/Programs/MiKTeX/tex/latex/biblatex/bbx/a
lphabetic.bbx"
File: alphabetic.bbx 2022/07/12 v3.18b biblatex bibliography style (PK/MW)
Package biblatex Info: Trying to load bibliography style 'standard'...
Package biblatex Info: ... file 'standard.bbx' found.

("C:/Users/Adrien Dubois/AppData/Local/Programs/MiKTeX/tex/latex/biblatex/bbx/s
tandard.bbx"
File: standard.bbx 2022/07/12 v3.18b biblatex bibliography style (PK/MW)
\c@bbx:relatedcount=\count438
\c@bbx:relatedtotal=\count439
))
Package biblatex Info: Trying to load citation style 'alphabetic'...
Package biblatex Info: ... file 'alphabetic.cbx' found.

("C:/Users/Adrien Dubois/AppData/Local/Programs/MiKTeX/tex/latex/biblatex/cbx/a
lphabetic.cbx"
File: alphabetic.cbx 2022/07/12 v3.18b biblatex citation style (PK/MW)
Package biblatex Info: Redefining '\cite'.
Package biblatex Info: Redefining '\parencite'.
Package biblatex Info: Redefining '\footcite'.
Package biblatex Info: Redefining '\footcitetext'.
Package biblatex Info: Redefining '\smartcite'.
Package biblatex Info: Redefining '\textcite'.
Package biblatex Info: Redefining '\textcites'.
Package biblatex Info: Redefining '\cites'.
Package biblatex Info: Redefining '\parencites'.
Package biblatex Info: Redefining '\smartcites'.
)
Package biblatex Info: Trying to load configuration file...
Package biblatex Info: ... file 'biblatex.cfg' found.

("C:/Users/Adrien Dubois/AppData/Local/Programs/MiKTeX/tex/latex/biblatex/bibla
tex.cfg"
File: biblatex.cfg 
)
Package biblatex Info: LuaTeX detected.
(biblatex)             Assuming input encoding 'utf8'.
Package biblatex Info: Document encoding is UTF8 ....
Package biblatex Info: ... and expl3
(biblatex)             2022-09-28 L3 programming layer (loader) 
(biblatex)             is new enough (at least 2020/04/06),
(biblatex)             setting 'casechanger=expl3'.

("C:/Users/Adrien Dubois/AppData/Local/Programs/MiKTeX/tex/latex/biblatex/blx-c
ase-expl3.sty"
Package: blx-case-expl3 2022/07/12 v3.18b expl3 case changing code for biblatex

))
("C:/Users/Adrien Dubois/AppData/Local/Programs/MiKTeX/tex/latex/xcolor/xcolor.
sty"
Package: xcolor 2022/06/12 v2.14 LaTeX color extensions (UK)

("C:/Users/Adrien Dubois/AppData/Local/Programs/MiKTeX/tex/latex/graphics-cfg/c
olor.cfg"
File: color.cfg 2016/01/02 v1.6 sample color configuration
)
Package xcolor Info: Driver file: luatex.def on input line 227.

("C:/Users/Adrien Dubois/AppData/Local/Programs/MiKTeX/tex/latex/graphics-def/l
uatex.def"
File: luatex.def 2022/09/22 v1.2d Graphics/color driver for luatex
)
("C:/Users/Adrien Dubois/AppData/Local/Programs/MiKTeX/tex/latex/graphics/mathc
olor.ltx")
Package xcolor Info: Model `cmy' substituted by `cmy0' on input line 1353.
Package xcolor Info: Model `hsb' substituted by `rgb' on input line 1357.
Package xcolor Info: Model `RGB' extended on input line 1369.
Package xcolor Info: Model `HTML' substituted by `rgb' on input line 1371.
Package xcolor Info: Model `Hsb' substituted by `hsb' on input line 1372.
Package xcolor Info: Model `tHsb' substituted by `hsb' on input line 1373.
Package xcolor Info: Model `HSB' substituted by `hsb' on input line 1374.
Package xcolor Info: Model `Gray' substituted by `gray' on input line 1375.
Package xcolor Info: Model `wave' substituted by `hsb' on input line 1376.
)
("C:/Users/Adrien Dubois/AppData/Local/Programs/MiKTeX/tex/latex/graphics/graph
icx.sty"
Package: graphicx 2021/09/16 v1.2d Enhanced LaTeX Graphics (DPC,SPQR)

("C:/Users/Adrien Dubois/AppData/Local/Programs/MiKTeX/tex/latex/graphics/graph
ics.sty"
Package: graphics 2022/03/10 v1.4e Standard LaTeX Graphics (DPC,SPQR)

("C:/Users/Adrien Dubois/AppData/Local/Programs/MiKTeX/tex/latex/graphics/trig.
sty"
Package: trig 2021/08/11 v1.11 sin cos tan (DPC)
)
("C:/Users/Adrien Dubois/AppData/Local/Programs/MiKTeX/tex/latex/graphics-cfg/g
raphics.cfg"
File: graphics.cfg 2016/06/04 v1.11 sample graphics configuration
)
Package graphics Info: Driver file: luatex.def on input line 107.
)
\Gin@req@height=\dimen194
\Gin@req@width=\dimen195
)
("C:/Users/Adrien Dubois/AppData/Local/Programs/MiKTeX/tex/latex/pgf/frontendla
yer/tikz.sty"
("C:/Users/Adrien Dubois/AppData/Local/Programs/MiKTeX/tex/latex/pgf/basiclayer
/pgf.sty"
("C:/Users/Adrien Dubois/AppData/Local/Programs/MiKTeX/tex/latex/pgf/utilities/
pgfrcs.sty"
("C:/Users/Adrien Dubois/AppData/Local/Programs/MiKTeX/tex/generic/pgf/utilitie
s/pgfutil-common.tex"
\pgfutil@everybye=\toks35
\pgfutil@tempdima=\dimen196
\pgfutil@tempdimb=\dimen197

("C:/Users/Adrien Dubois/AppData/Local/Programs/MiKTeX/tex/generic/pgf/utilitie
s/pgfutil-common-lists.tex"))
("C:/Users/Adrien Dubois/AppData/Local/Programs/MiKTeX/tex/generic/pgf/utilitie
s/pgfutil-latex.def"
\pgfutil@abb=\box103
)
("C:/Users/Adrien Dubois/AppData/Local/Programs/MiKTeX/tex/generic/pgf/utilitie
s/pgfrcs.code.tex"
("C:/Users/Adrien Dubois/AppData/Local/Programs/MiKTeX/tex/generic/pgf/pgf.revi
sion.tex")
Package: pgfrcs 2021/05/15 v3.1.9a (3.1.9a)
))
Package: pgf 2021/05/15 v3.1.9a (3.1.9a)

("C:/Users/Adrien Dubois/AppData/Local/Programs/MiKTeX/tex/latex/pgf/basiclayer
/pgfcore.sty"
("C:/Users/Adrien Dubois/AppData/Local/Programs/MiKTeX/tex/latex/pgf/systemlaye
r/pgfsys.sty"
("C:/Users/Adrien Dubois/AppData/Local/Programs/MiKTeX/tex/generic/pgf/systemla
yer/pgfsys.code.tex"
Package: pgfsys 2021/05/15 v3.1.9a (3.1.9a)

("C:/Users/Adrien Dubois/AppData/Local/Programs/MiKTeX/tex/generic/pgf/utilitie
s/pgfkeys.code.tex"
\pgfkeys@pathtoks=\toks36
\pgfkeys@temptoks=\toks37

("C:/Users/Adrien Dubois/AppData/Local/Programs/MiKTeX/tex/generic/pgf/utilitie
s/pgfkeysfiltered.code.tex"
\pgfkeys@tmptoks=\toks38
))
\pgf@x=\dimen198
\pgf@y=\dimen199
\pgf@xa=\dimen256
\pgf@ya=\dimen257
\pgf@xb=\dimen258
\pgf@yb=\dimen259
\pgf@xc=\dimen260
\pgf@yc=\dimen261
\pgf@xd=\dimen262
\pgf@yd=\dimen263
\w@pgf@writea=\write4
\r@pgf@reada=\read3
\c@pgf@counta=\count440
\c@pgf@countb=\count441
\c@pgf@countc=\count442
\c@pgf@countd=\count443
\t@pgf@toka=\toks39
\t@pgf@tokb=\toks40
\t@pgf@tokc=\toks41
\pgf@sys@id@count=\count444

("C:/Users/Adrien Dubois/AppData/Local/Programs/MiKTeX/tex/generic/pgf/systemla
yer/pgf.cfg"
File: pgf.cfg 2021/05/15 v3.1.9a (3.1.9a)
)
Driver file for pgf: pgfsys-luatex.def

("C:/Users/Adrien Dubois/AppData/Local/Programs/MiKTeX/tex/generic/pgf/systemla
yer/pgfsys-luatex.def"
File: pgfsys-luatex.def 2021/05/15 v3.1.9a (3.1.9a)

("C:/Users/Adrien Dubois/AppData/Local/Programs/MiKTeX/tex/generic/pgf/systemla
yer/pgfsys-common-pdf.def"
File: pgfsys-common-pdf.def 2021/05/15 v3.1.9a (3.1.9a)
)))
("C:/Users/Adrien Dubois/AppData/Local/Programs/MiKTeX/tex/generic/pgf/systemla
yer/pgfsyssoftpath.code.tex"
File: pgfsyssoftpath.code.tex 2021/05/15 v3.1.9a (3.1.9a)
\pgfsyssoftpath@smallbuffer@items=\count445
\pgfsyssoftpath@bigbuffer@items=\count446
)
("C:/Users/Adrien Dubois/AppData/Local/Programs/MiKTeX/tex/generic/pgf/systemla
yer/pgfsysprotocol.code.tex"
File: pgfsysprotocol.code.tex 2021/05/15 v3.1.9a (3.1.9a)
))
("C:/Users/Adrien Dubois/AppData/Local/Programs/MiKTeX/tex/generic/pgf/basiclay
er/pgfcore.code.tex"
Package: pgfcore 2021/05/15 v3.1.9a (3.1.9a)

("C:/Users/Adrien Dubois/AppData/Local/Programs/MiKTeX/tex/generic/pgf/math/pgf
math.code.tex"
("C:/Users/Adrien Dubois/AppData/Local/Programs/MiKTeX/tex/generic/pgf/math/pgf
mathcalc.code.tex"
("C:/Users/Adrien Dubois/AppData/Local/Programs/MiKTeX/tex/generic/pgf/math/pgf
mathutil.code.tex")
("C:/Users/Adrien Dubois/AppData/Local/Programs/MiKTeX/tex/generic/pgf/math/pgf
mathparser.code.tex"
\pgfmath@dimen=\dimen264
\pgfmath@count=\count447
\pgfmath@box=\box104
\pgfmath@toks=\toks42
\pgfmath@stack@operand=\toks43
\pgfmath@stack@operation=\toks44
)
("C:/Users/Adrien Dubois/AppData/Local/Programs/MiKTeX/tex/generic/pgf/math/pgf
mathfunctions.code.tex"
("C:/Users/Adrien Dubois/AppData/Local/Programs/MiKTeX/tex/generic/pgf/math/pgf
mathfunctions.basic.code.tex")
("C:/Users/Adrien Dubois/AppData/Local/Programs/MiKTeX/tex/generic/pgf/math/pgf
mathfunctions.trigonometric.code.tex")
("C:/Users/Adrien Dubois/AppData/Local/Programs/MiKTeX/tex/generic/pgf/math/pgf
mathfunctions.random.code.tex")
("C:/Users/Adrien Dubois/AppData/Local/Programs/MiKTeX/tex/generic/pgf/math/pgf
mathfunctions.comparison.code.tex")
("C:/Users/Adrien Dubois/AppData/Local/Programs/MiKTeX/tex/generic/pgf/math/pgf
mathfunctions.base.code.tex")
("C:/Users/Adrien Dubois/AppData/Local/Programs/MiKTeX/tex/generic/pgf/math/pgf
mathfunctions.round.code.tex")
("C:/Users/Adrien Dubois/AppData/Local/Programs/MiKTeX/tex/generic/pgf/math/pgf
mathfunctions.misc.code.tex")
("C:/Users/Adrien Dubois/AppData/Local/Programs/MiKTeX/tex/generic/pgf/math/pgf
mathfunctions.integerarithmetics.code.tex")))
("C:/Users/Adrien Dubois/AppData/Local/Programs/MiKTeX/tex/generic/pgf/math/pgf
mathfloat.code.tex"
\c@pgfmathroundto@lastzeros=\count448
))
("C:/Users/Adrien Dubois/AppData/Local/Programs/MiKTeX/tex/generic/pgf/math/pgf
int.code.tex")
("C:/Users/Adrien Dubois/AppData/Local/Programs/MiKTeX/tex/generic/pgf/basiclay
er/pgfcorepoints.code.tex"
File: pgfcorepoints.code.tex 2021/05/15 v3.1.9a (3.1.9a)
\pgf@picminx=\dimen265
\pgf@picmaxx=\dimen266
\pgf@picminy=\dimen267
\pgf@picmaxy=\dimen268
\pgf@pathminx=\dimen269
\pgf@pathmaxx=\dimen270
\pgf@pathminy=\dimen271
\pgf@pathmaxy=\dimen272
\pgf@xx=\dimen273
\pgf@xy=\dimen274
\pgf@yx=\dimen275
\pgf@yy=\dimen276
\pgf@zx=\dimen277
\pgf@zy=\dimen278
)
("C:/Users/Adrien Dubois/AppData/Local/Programs/MiKTeX/tex/generic/pgf/basiclay
er/pgfcorepathconstruct.code.tex"
File: pgfcorepathconstruct.code.tex 2021/05/15 v3.1.9a (3.1.9a)
\pgf@path@lastx=\dimen279
\pgf@path@lasty=\dimen280
)
("C:/Users/Adrien Dubois/AppData/Local/Programs/MiKTeX/tex/generic/pgf/basiclay
er/pgfcorepathusage.code.tex"
File: pgfcorepathusage.code.tex 2021/05/15 v3.1.9a (3.1.9a)
\pgf@shorten@end@additional=\dimen281
\pgf@shorten@start@additional=\dimen282
)
("C:/Users/Adrien Dubois/AppData/Local/Programs/MiKTeX/tex/generic/pgf/basiclay
er/pgfcorescopes.code.tex"
File: pgfcorescopes.code.tex 2021/05/15 v3.1.9a (3.1.9a)
\pgfpic=\box105
\pgf@hbox=\box106
\pgf@layerbox@main=\box107
\pgf@picture@serial@count=\count449
)
("C:/Users/Adrien Dubois/AppData/Local/Programs/MiKTeX/tex/generic/pgf/basiclay
er/pgfcoregraphicstate.code.tex"
File: pgfcoregraphicstate.code.tex 2021/05/15 v3.1.9a (3.1.9a)
\pgflinewidth=\dimen283
)
("C:/Users/Adrien Dubois/AppData/Local/Programs/MiKTeX/tex/generic/pgf/basiclay
er/pgfcoretransformations.code.tex"
File: pgfcoretransformations.code.tex 2021/05/15 v3.1.9a (3.1.9a)
\pgf@pt@x=\dimen284
\pgf@pt@y=\dimen285
\pgf@pt@temp=\dimen286
)
("C:/Users/Adrien Dubois/AppData/Local/Programs/MiKTeX/tex/generic/pgf/basiclay
er/pgfcorequick.code.tex"
File: pgfcorequick.code.tex 2021/05/15 v3.1.9a (3.1.9a)
)
("C:/Users/Adrien Dubois/AppData/Local/Programs/MiKTeX/tex/generic/pgf/basiclay
er/pgfcoreobjects.code.tex"
File: pgfcoreobjects.code.tex 2021/05/15 v3.1.9a (3.1.9a)
)
("C:/Users/Adrien Dubois/AppData/Local/Programs/MiKTeX/tex/generic/pgf/basiclay
er/pgfcorepathprocessing.code.tex"
File: pgfcorepathprocessing.code.tex 2021/05/15 v3.1.9a (3.1.9a)
)
("C:/Users/Adrien Dubois/AppData/Local/Programs/MiKTeX/tex/generic/pgf/basiclay
er/pgfcorearrows.code.tex"
File: pgfcorearrows.code.tex 2021/05/15 v3.1.9a (3.1.9a)
\pgfarrowsep=\dimen287
)
("C:/Users/Adrien Dubois/AppData/Local/Programs/MiKTeX/tex/generic/pgf/basiclay
er/pgfcoreshade.code.tex"
File: pgfcoreshade.code.tex 2021/05/15 v3.1.9a (3.1.9a)
\pgf@max=\dimen288
\pgf@sys@shading@range@num=\count450
\pgf@shadingcount=\count451
)
("C:/Users/Adrien Dubois/AppData/Local/Programs/MiKTeX/tex/generic/pgf/basiclay
er/pgfcoreimage.code.tex"
File: pgfcoreimage.code.tex 2021/05/15 v3.1.9a (3.1.9a)

("C:/Users/Adrien Dubois/AppData/Local/Programs/MiKTeX/tex/generic/pgf/basiclay
er/pgfcoreexternal.code.tex"
File: pgfcoreexternal.code.tex 2021/05/15 v3.1.9a (3.1.9a)
\pgfexternal@startupbox=\box108
))
("C:/Users/Adrien Dubois/AppData/Local/Programs/MiKTeX/tex/generic/pgf/basiclay
er/pgfcorelayers.code.tex"
File: pgfcorelayers.code.tex 2021/05/15 v3.1.9a (3.1.9a)
)
("C:/Users/Adrien Dubois/AppData/Local/Programs/MiKTeX/tex/generic/pgf/basiclay
er/pgfcoretransparency.code.tex"
File: pgfcoretransparency.code.tex 2021/05/15 v3.1.9a (3.1.9a)
)
("C:/Users/Adrien Dubois/AppData/Local/Programs/MiKTeX/tex/generic/pgf/basiclay
er/pgfcorepatterns.code.tex"
File: pgfcorepatterns.code.tex 2021/05/15 v3.1.9a (3.1.9a)
)
("C:/Users/Adrien Dubois/AppData/Local/Programs/MiKTeX/tex/generic/pgf/basiclay
er/pgfcorerdf.code.tex"
File: pgfcorerdf.code.tex 2021/05/15 v3.1.9a (3.1.9a)
)))
("C:/Users/Adrien Dubois/AppData/Local/Programs/MiKTeX/tex/generic/pgf/modules/
pgfmoduleshapes.code.tex"
File: pgfmoduleshapes.code.tex 2021/05/15 v3.1.9a (3.1.9a)
\pgfnodeparttextbox=\box109
)
("C:/Users/Adrien Dubois/AppData/Local/Programs/MiKTeX/tex/generic/pgf/modules/
pgfmoduleplot.code.tex"
File: pgfmoduleplot.code.tex 2021/05/15 v3.1.9a (3.1.9a)
)
("C:/Users/Adrien Dubois/AppData/Local/Programs/MiKTeX/tex/latex/pgf/compatibil
ity/pgfcomp-version-0-65.sty"
Package: pgfcomp-version-0-65 2021/05/15 v3.1.9a (3.1.9a)
\pgf@nodesepstart=\dimen289
\pgf@nodesepend=\dimen290
)
("C:/Users/Adrien Dubois/AppData/Local/Programs/MiKTeX/tex/latex/pgf/compatibil
ity/pgfcomp-version-1-18.sty"
Package: pgfcomp-version-1-18 2021/05/15 v3.1.9a (3.1.9a)
))
("C:/Users/Adrien Dubois/AppData/Local/Programs/MiKTeX/tex/latex/pgf/utilities/
pgffor.sty"
("C:/Users/Adrien Dubois/AppData/Local/Programs/MiKTeX/tex/latex/pgf/utilities/
pgfkeys.sty"
("C:/Users/Adrien Dubois/AppData/Local/Programs/MiKTeX/tex/generic/pgf/utilitie
s/pgfkeys.code.tex"))
("C:/Users/Adrien Dubois/AppData/Local/Programs/MiKTeX/tex/latex/pgf/math/pgfma
th.sty"
("C:/Users/Adrien Dubois/AppData/Local/Programs/MiKTeX/tex/generic/pgf/math/pgf
math.code.tex"))
("C:/Users/Adrien Dubois/AppData/Local/Programs/MiKTeX/tex/generic/pgf/utilitie
s/pgffor.code.tex"
Package: pgffor 2021/05/15 v3.1.9a (3.1.9a)

("C:/Users/Adrien Dubois/AppData/Local/Programs/MiKTeX/tex/generic/pgf/math/pgf
math.code.tex")
\pgffor@iter=\dimen291
\pgffor@skip=\dimen292
\pgffor@stack=\toks45
\pgffor@toks=\toks46
))
("C:/Users/Adrien Dubois/AppData/Local/Programs/MiKTeX/tex/generic/pgf/frontend
layer/tikz/tikz.code.tex"
Package: tikz 2021/05/15 v3.1.9a (3.1.9a)

("C:/Users/Adrien Dubois/AppData/Local/Programs/MiKTeX/tex/generic/pgf/librarie
s/pgflibraryplothandlers.code.tex"
File: pgflibraryplothandlers.code.tex 2021/05/15 v3.1.9a (3.1.9a)
\pgf@plot@mark@count=\count452
\pgfplotmarksize=\dimen293
)
\tikz@lastx=\dimen294
\tikz@lasty=\dimen295
\tikz@lastxsaved=\dimen296
\tikz@lastysaved=\dimen297
\tikz@lastmovetox=\dimen298
\tikz@lastmovetoy=\dimen299
\tikzleveldistance=\dimen300
\tikzsiblingdistance=\dimen301
\tikz@figbox=\box110
\tikz@figbox@bg=\box111
\tikz@tempbox=\box112
\tikz@tempbox@bg=\box113
\tikztreelevel=\count453
\tikznumberofchildren=\count454
\tikznumberofcurrentchild=\count455
\tikz@fig@count=\count456

("C:/Users/Adrien Dubois/AppData/Local/Programs/MiKTeX/tex/generic/pgf/modules/
pgfmodulematrix.code.tex"
File: pgfmodulematrix.code.tex 2021/05/15 v3.1.9a (3.1.9a)
\pgfmatrixcurrentrow=\count457
\pgfmatrixcurrentcolumn=\count458
\pgf@matrix@numberofcolumns=\count459
)
\tikz@expandcount=\count460

("C:/Users/Adrien Dubois/AppData/Local/Programs/MiKTeX/tex/generic/pgf/frontend
layer/tikz/libraries/tikzlibrarytopaths.code.tex"
File: tikzlibrarytopaths.code.tex 2021/05/15 v3.1.9a (3.1.9a)
)))
("C:/Users/Adrien Dubois/AppData/Local/Programs/MiKTeX/tex/latex/pgfplots/pgfpl
ots.sty"
("C:/Users/Adrien Dubois/AppData/Local/Programs/MiKTeX/tex/generic/pgfplots/pgf
plots.revision.tex")
Package: pgfplots 2021/05/15 v1.18.1 Data Visualization (1.18.1)

("C:/Users/Adrien Dubois/AppData/Local/Programs/MiKTeX/tex/generic/pgfplots/pgf
plots.code.tex"
("C:/Users/Adrien Dubois/AppData/Local/Programs/MiKTeX/tex/generic/pgfplots/pgf
plotscore.code.tex"
Package pgfplots info on input line 124: Initializing with LUA version Lua 5.3
\pgfplots@luabackend@table=\catcodetable14
\t@pgfplots@toka=\toks47
\t@pgfplots@tokb=\toks48
\t@pgfplots@tokc=\toks49
\pgfplots@tmpa=\dimen302
\c@pgfplots@coordindex=\count461
\c@pgfplots@scanlineindex=\count462

("C:/Users/Adrien Dubois/AppData/Local/Programs/MiKTeX/tex/generic/pgfplots/sys
/pgfplotssysgeneric.code.tex"))
("C:/Users/Adrien Dubois/AppData/Local/Programs/MiKTeX/tex/generic/pgfplots/lib
s/pgfplotslibrary.code.tex")
("C:/Users/Adrien Dubois/AppData/Local/Programs/MiKTeX/tex/generic/pgfplots/old
pgfcompatib/pgfplotsoldpgfsupp_loader.code.tex"
("C:/Users/Adrien Dubois/AppData/Local/Programs/MiKTeX/tex/generic/pgf/librarie
s/pgflibraryfpu.code.tex")
("C:/Users/Adrien Dubois/AppData/Local/Programs/MiKTeX/tex/generic/pgf/librarie
s/luamath/pgflibraryluamath.code.tex")
Package pgfplots info on input line 290: luamath library shipped with pgf 3.1.9
a is up-to-date
)
("C:/Users/Adrien Dubois/AppData/Local/Programs/MiKTeX/tex/generic/pgfplots/uti
l/pgfplotsutil.code.tex"
Package pgfplots info on input line 82: Found new luatex: initializing lua comm
ands instead of write18 (shell-escape)

("C:/Users/Adrien Dubois/AppData/Local/Programs/MiKTeX/tex/generic/pgfplots/lis
tstructure/pgfplotsliststructure.code.tex")
("C:/Users/Adrien Dubois/AppData/Local/Programs/MiKTeX/tex/generic/pgfplots/lis
tstructure/pgfplotsliststructureext.code.tex")
("C:/Users/Adrien Dubois/AppData/Local/Programs/MiKTeX/tex/generic/pgfplots/lis
tstructure/pgfplotsarray.code.tex"
\c@pgfplotsarray@tmp=\count463
)
("C:/Users/Adrien Dubois/AppData/Local/Programs/MiKTeX/tex/generic/pgfplots/lis
tstructure/pgfplotsmatrix.code.tex")
("C:/Users/Adrien Dubois/AppData/Local/Programs/MiKTeX/tex/generic/pgfplots/num
table/pgfplotstableshared.code.tex"
\c@pgfplotstable@counta=\count464
\t@pgfplotstable@a=\toks50
)
("C:/Users/Adrien Dubois/AppData/Local/Programs/MiKTeX/tex/generic/pgfplots/lis
tstructure/pgfplotsdeque.code.tex")
("C:/Users/Adrien Dubois/AppData/Local/Programs/MiKTeX/tex/generic/pgfplots/uti
l/pgfplotsbinary.code.tex"
("C:/Users/Adrien Dubois/AppData/Local/Programs/MiKTeX/tex/generic/pgfplots/uti
l/pgfplotsbinary.data.code.tex"))
("C:/Users/Adrien Dubois/AppData/Local/Programs/MiKTeX/tex/generic/pgfplots/uti
l/pgfplotsutil.verb.code.tex")
("C:/Users/Adrien Dubois/AppData/Local/Programs/MiKTeX/tex/generic/pgfplots/lib
s/pgflibrarypgfplots.surfshading.code.tex"
\c@pgfplotslibrarysurf@no=\count465

("C:/Users/Adrien Dubois/AppData/Local/Programs/MiKTeX/tex/generic/pgfplots/sys
/pgflibrarypgfplots.surfshading.pgfsys-luatex.def")))
("C:/Users/Adrien Dubois/AppData/Local/Programs/MiKTeX/tex/generic/pgfplots/uti
l/pgfplotscolormap.code.tex"
("C:/Users/Adrien Dubois/AppData/Local/Programs/MiKTeX/tex/generic/pgfplots/uti
l/pgfplotscolor.code.tex"))
("C:/Users/Adrien Dubois/AppData/Local/Programs/MiKTeX/tex/generic/pgfplots/pgf
plotsstackedplots.code.tex")
("C:/Users/Adrien Dubois/AppData/Local/Programs/MiKTeX/tex/generic/pgfplots/pgf
plotsplothandlers.code.tex"
("C:/Users/Adrien Dubois/AppData/Local/Programs/MiKTeX/tex/generic/pgfplots/pgf
plotsmeshplothandler.code.tex"
("C:/Users/Adrien Dubois/AppData/Local/Programs/MiKTeX/tex/generic/pgfplots/pgf
plotsmeshplotimage.code.tex")))
("C:/Users/Adrien Dubois/AppData/Local/Programs/MiKTeX/tex/generic/pgfplots/pgf
plots.scaling.code.tex")
("C:/Users/Adrien Dubois/AppData/Local/Programs/MiKTeX/tex/generic/pgfplots/pgf
plotscoordprocessing.code.tex")
("C:/Users/Adrien Dubois/AppData/Local/Programs/MiKTeX/tex/generic/pgfplots/pgf
plots.errorbars.code.tex")
("C:/Users/Adrien Dubois/AppData/Local/Programs/MiKTeX/tex/generic/pgfplots/pgf
plots.markers.code.tex")
("C:/Users/Adrien Dubois/AppData/Local/Programs/MiKTeX/tex/generic/pgfplots/pgf
plotsticks.code.tex")
("C:/Users/Adrien Dubois/AppData/Local/Programs/MiKTeX/tex/generic/pgfplots/pgf
plots.paths.code.tex")
("C:/Users/Adrien Dubois/AppData/Local/Programs/MiKTeX/tex/generic/pgf/frontend
layer/tikz/libraries/tikzlibrarydecorations.code.tex"
("C:/Users/Adrien Dubois/AppData/Local/Programs/MiKTeX/tex/generic/pgf/modules/
pgfmoduledecorations.code.tex"
\pgfdecoratedcompleteddistance=\dimen303
\pgfdecoratedremainingdistance=\dimen304
\pgfdecoratedinputsegmentcompleteddistance=\dimen305
\pgfdecoratedinputsegmentremainingdistance=\dimen306
\pgf@decorate@distancetomove=\dimen307
\pgf@decorate@repeatstate=\count466
\pgfdecorationsegmentamplitude=\dimen308
\pgfdecorationsegmentlength=\dimen309
)
\tikz@lib@dec@box=\box114
)
("C:/Users/Adrien Dubois/AppData/Local/Programs/MiKTeX/tex/generic/pgf/frontend
layer/tikz/libraries/tikzlibrarydecorations.pathmorphing.code.tex"
("C:/Users/Adrien Dubois/AppData/Local/Programs/MiKTeX/tex/generic/pgf/librarie
s/decorations/pgflibrarydecorations.pathmorphing.code.tex"))
("C:/Users/Adrien Dubois/AppData/Local/Programs/MiKTeX/tex/generic/pgf/frontend
layer/tikz/libraries/tikzlibrarydecorations.pathreplacing.code.tex"
("C:/Users/Adrien Dubois/AppData/Local/Programs/MiKTeX/tex/generic/pgf/librarie
s/decorations/pgflibrarydecorations.pathreplacing.code.tex"))
("C:/Users/Adrien Dubois/AppData/Local/Programs/MiKTeX/tex/generic/pgfplots/lib
s/tikzlibrarypgfplots.contourlua.code.tex")
\pgfplots@numplots=\count467
\pgfplots@xmin@reg=\dimen310
\pgfplots@xmax@reg=\dimen311
\pgfplots@ymin@reg=\dimen312
\pgfplots@ymax@reg=\dimen313
\pgfplots@zmin@reg=\dimen314
\pgfplots@zmax@reg=\dimen315
)
("C:/Users/Adrien Dubois/AppData/Local/Programs/MiKTeX/tex/generic/pgf/frontend
layer/tikz/libraries/tikzlibraryplotmarks.code.tex"
File: tikzlibraryplotmarks.code.tex 2021/05/15 v3.1.9a (3.1.9a)

("C:/Users/Adrien Dubois/AppData/Local/Programs/MiKTeX/tex/generic/pgf/librarie
s/pgflibraryplotmarks.code.tex"
File: pgflibraryplotmarks.code.tex 2021/05/15 v3.1.9a (3.1.9a)
)))
("C:/Users/Adrien Dubois/AppData/Local/Programs/MiKTeX/tex/latex/subfigure/subf
igure.sty"
Package: subfigure 2002/07/30 v2.1.4 subfigure package
\subfigtopskip=\skip86
\subfigcapskip=\skip87
\subfigcaptopadj=\dimen316
\subfigbottomskip=\skip88
\subfigcapmargin=\dimen317
\subfiglabelskip=\skip89
\c@subfigure=\count468
\c@lofdepth=\count469
\c@subtable=\count470
\c@lotdepth=\count471

****************************************
* Local config file subfigure.cfg used *
****************************************

("C:/Users/Adrien Dubois/AppData/Local/Programs/MiKTeX/tex/latex/subfigure/subf
igure.cfg")
\subfig@top=\skip90
\subfig@bottom=\skip91
)
("C:/Users/Adrien Dubois/AppData/Local/Programs/MiKTeX/tex/latex/microtype/micr
otype.sty"
Package: microtype 2023/03/13 v3.1a Micro-typographical refinements (RS)
\MT@toks=\toks51
\MT@tempbox=\box115
\MT@count=\count472
LaTeX Info: Redefining \noprotrusionifhmode on input line 1059.
LaTeX Info: Redefining \leftprotrusion on input line 1060.
\MT@prot@toks=\toks52
LaTeX Info: Redefining \rightprotrusion on input line 1078.
LaTeX Info: Redefining \textls on input line 1368.
\MT@outer@kern=\dimen318
LaTeX Info: Redefining \textmicrotypecontext on input line 1988.
\MT@listname@count=\count473

("C:/Users/Adrien Dubois/AppData/Local/Programs/MiKTeX/tex/latex/microtype/micr
otype-luatex.def"
File: microtype-luatex.def 2023/03/13 v3.1a Definitions specific to luatex (RS)

Lua module: microtype 2023/03/13 3.1a microtype module.
Module microtype Info: overwriting function `keepligature' on input line 63
LaTeX Info: Redefining \lsstyle on input line 688.
LaTeX Info: Redefining \lslig on input line 688.
\MT@outer@space=\skip92
)
Package microtype Info: Loading configuration file microtype.cfg.

("C:/Users/Adrien Dubois/AppData/Local/Programs/MiKTeX/tex/latex/microtype/micr
otype.cfg"
File: microtype.cfg 2023/03/13 v3.1a microtype main configuration file (RS)
))
Package hyperref Info: Option `colorlinks' set `true' on input line 36.
\c@thm=\count474
\c@cor=\count475
\c@prop=\count476
\c@Def=\count477
\c@example=\count478
\@quotelevel=\count479
\@quotereset=\count480
 (./main.aux
LaTeX Info: Redefining \rmfamily on input line 25.
LaTeX Info: Redefining \sffamily on input line 25.
LaTeX Info: Redefining \ttfamily on input line 25.
)
\openout1 = main.aux

LaTeX Font Info:    Checking defaults for OML/cmm/m/it on input line 81.
LaTeX Font Info:    ... okay on input line 81.
LaTeX Font Info:    Checking defaults for OMS/cmsy/m/n on input line 81.
LaTeX Font Info:    ... okay on input line 81.
LaTeX Font Info:    Checking defaults for OT1/cmr/m/n on input line 81.
LaTeX Font Info:    ... okay on input line 81.
LaTeX Font Info:    Checking defaults for T1/cmr/m/n on input line 81.
LaTeX Font Info:    ... okay on input line 81.
LaTeX Font Info:    Checking defaults for TS1/cmr/m/n on input line 81.
LaTeX Font Info:    Trying to load font information for TS1+cmr on input line 8
1.

("C:/Users/Adrien Dubois/AppData/Local/Programs/MiKTeX/tex/latex/base/ts1cmr.fd
"
File: ts1cmr.fd 2019/12/16 v2.5j Standard LaTeX font definitions
)
LaTeX Font Info:    ... okay on input line 81.
LaTeX Font Info:    Checking defaults for TU/lmr/m/n on input line 81.
LaTeX Font Info:    ... okay on input line 81.
LaTeX Font Info:    Checking defaults for OMX/cmex/m/n on input line 81.
LaTeX Font Info:    ... okay on input line 81.
LaTeX Font Info:    Checking defaults for U/cmr/m/n on input line 81.
LaTeX Font Info:    ... okay on input line 81.
LaTeX Font Info:    Checking defaults for PD1/pdf/m/n on input line 81.
LaTeX Font Info:    ... okay on input line 81.
LaTeX Font Info:    Checking defaults for PU/pdf/m/n on input line 81.
LaTeX Font Info:    ... okay on input line 81.

*geometry* driver: auto-detecting
*geometry* detected driver: luatex
*geometry* verbose mode - [ preamble ] result:
* driver: luatex
* paper: <default>
* layout: <same size as paper>
* layoutoffset:(h,v)=(0.0pt,0.0pt)
* modes: 
* h-part:(L,W,R)=(56.9055pt, 500.484pt, 56.9055pt)
* v-part:(T,H,B)=(56.9055pt, 681.15898pt, 56.9055pt)
* \paperwidth=614.295pt
* \paperheight=794.96999pt
* \textwidth=500.484pt
* \textheight=681.15898pt
* \oddsidemargin=-15.36449pt
* \evensidemargin=-15.36449pt
* \topmargin=-52.36449pt
* \headheight=12.0pt
* \headsep=25.0pt
* \topskip=10.0pt
* \footskip=30.0pt
* \marginparwidth=65.0pt
* \marginparsep=11.0pt
* \columnsep=10.0pt
* \skip\footins=9.0pt plus 4.0pt minus 2.0pt
* \hoffset=0.0pt
* \voffset=0.0pt
* \mag=1000
* \@twocolumnfalse
* \@twosidefalse
* \@mparswitchfalse
* \@reversemarginfalse
* (1in=72.27pt=25.4mm, 1cm=28.453pt)


Package fontspec Info: Adjusting the maths setup (use [no-math] to avoid
(fontspec)             this).

\symlegacymaths=\mathgroup6
LaTeX Font Info:    Overwriting symbol font `legacymaths' in version `bold'
(Font)                  OT1/cmr/m/n --> OT1/cmr/bx/n on input line 81.
LaTeX Font Info:    Redeclaring math accent \acute on input line 81.
LaTeX Font Info:    Redeclaring math accent \grave on input line 81.
LaTeX Font Info:    Redeclaring math accent \ddot on input line 81.
LaTeX Font Info:    Redeclaring math accent \tilde on input line 81.
LaTeX Font Info:    Redeclaring math accent \bar on input line 81.
LaTeX Font Info:    Redeclaring math accent \breve on input line 81.
LaTeX Font Info:    Redeclaring math accent \check on input line 81.
LaTeX Font Info:    Redeclaring math accent \hat on input line 81.
LaTeX Font Info:    Redeclaring math accent \dot on input line 81.
LaTeX Font Info:    Redeclaring math accent \mathring on input line 81.
LaTeX Font Info:    Redeclaring math symbol \Gamma on input line 81.
LaTeX Font Info:    Redeclaring math symbol \Delta on input line 81.
LaTeX Font Info:    Redeclaring math symbol \Theta on input line 81.
LaTeX Font Info:    Redeclaring math symbol \Lambda on input line 81.
LaTeX Font Info:    Redeclaring math symbol \Xi on input line 81.
LaTeX Font Info:    Redeclaring math symbol \Pi on input line 81.
LaTeX Font Info:    Redeclaring math symbol \Sigma on input line 81.
LaTeX Font Info:    Redeclaring math symbol \Upsilon on input line 81.
LaTeX Font Info:    Redeclaring math symbol \Phi on input line 81.
LaTeX Font Info:    Redeclaring math symbol \Psi on input line 81.
LaTeX Font Info:    Redeclaring math symbol \Omega on input line 81.
LaTeX Font Info:    Redeclaring math symbol \mathdollar on input line 81.
LaTeX Font Info:    Redeclaring symbol font `operators' on input line 81.
LaTeX Font Info:    Encoding `OT1' has changed to `TU' for symbol font
(Font)              `operators' in the math version `normal' on input line 81.
LaTeX Font Info:    Overwriting symbol font `operators' in version `normal'
(Font)                  OT1/cmr/m/n --> TU/lmr/m/n on input line 81.
LaTeX Font Info:    Encoding `OT1' has changed to `TU' for symbol font
(Font)              `operators' in the math version `bold' on input line 81.
LaTeX Font Info:    Overwriting symbol font `operators' in version `bold'
(Font)                  OT1/cmr/bx/n --> TU/lmr/m/n on input line 81.
LaTeX Font Info:    Overwriting symbol font `operators' in version `normal'
(Font)                  TU/lmr/m/n --> TU/lmr/m/n on input line 81.
LaTeX Font Info:    Overwriting math alphabet `\mathit' in version `normal'
(Font)                  OT1/cmr/m/it --> TU/lmr/m/it on input line 81.
LaTeX Font Info:    Overwriting math alphabet `\mathbf' in version `normal'
(Font)                  OT1/cmr/bx/n --> TU/lmr/b/n on input line 81.
LaTeX Font Info:    Overwriting math alphabet `\mathsf' in version `normal'
(Font)                  OT1/cmss/m/n --> TU/lmss/m/n on input line 81.
LaTeX Font Info:    Overwriting math alphabet `\mathtt' in version `normal'
(Font)                  OT1/cmtt/m/n --> TU/lmtt/m/n on input line 81.
LaTeX Font Info:    Overwriting symbol font `operators' in version `bold'
(Font)                  TU/lmr/m/n --> TU/lmr/b/n on input line 81.
LaTeX Font Info:    Overwriting math alphabet `\mathit' in version `bold'
(Font)                  OT1/cmr/bx/it --> TU/lmr/b/it on input line 81.
LaTeX Font Info:    Overwriting math alphabet `\mathsf' in version `bold'
(Font)                  OT1/cmss/bx/n --> TU/lmss/b/n on input line 81.
LaTeX Font Info:    Overwriting math alphabet `\mathtt' in version `bold'
(Font)                  OT1/cmtt/m/n --> TU/lmtt/b/n on input line 81.
The property list \__xpg_alias contains the pairs (without outer braces):
>  {latex/target}  =>  {latex}.
Package caption Info: Begin \AtBeginDocument code.
Package caption Info: hyperref package is loaded.
Package caption Info: subfigure package is loaded.
Package caption Info: End \AtBeginDocument code.
Package hyperref Info: Link coloring ON on input line 81.
(./main.out) (./main.out)
\@outlinefile=\write5

\openout5 = main.out
Package biblatex Info: Trying to load language 'latex'...
Package biblatex Info: ... file 'latex.lbx' not found.


Package biblatex Warning: Language 'latex' not supported.
(biblatex)                Using dummy definitions on input line 81.

Package biblatex Info: LuaTeX detected.
(biblatex)             Assuming input encoding 'utf8'.
Package biblatex Info: Automatic encoding selection.
(biblatex)             Assuming data encoding 'utf8'.

\openout3 = main.bcf
Package biblatex Info: Trying to load bibliographic data...
Package biblatex Info: ... file 'main.bbl' found.
(./main.bbl)
Package biblatex Info: Reference section=0 on input line 81.
Package biblatex Info: Reference segment=0 on input line 81.

("C:/Users/Adrien Dubois/AppData/Local/Programs/MiKTeX/tex/context/base/mkii/su
pp-pdf.mkii"
[Loading MPS to PDF converter (version 2006.09.02).]
\scratchcounter=\count481
\scratchdimen=\dimen319
\scratchbox=\box116
\nofMPsegments=\count482
\nofMParguments=\count483
\everyMPshowfont=\toks53
\MPscratchCnt=\count484
\MPscratchDim=\dimen320
\MPnumerator=\count485
\makeMPintoPDFobject=\count486
\everyMPtoPDFconversion=\toks54
)
("C:/Users/Adrien Dubois/AppData/Local/Programs/MiKTeX/tex/latex/epstopdf-pkg/e
pstopdf-base.sty"
Package: epstopdf-base 2020-01-24 v2.11 Base part for package epstopdf
Package epstopdf-base Info: Redefining graphics rule for `.eps' on input line 4
85.

("C:/Users/Adrien Dubois/AppData/Local/Programs/MiKTeX/tex/latex/00miktex/epsto
pdf-sys.cfg"
File: epstopdf-sys.cfg 2021/03/18 v2.0 Configuration of epstopdf for MiKTeX
))
Package pgfplots notification 'compat/show suggested version=true': you might b
enefit from \pgfplotsset{compat=1.18} (current compat level: 1.9).

LaTeX Info: Redefining \microtypecontext on input line 81.
Package microtype Info: Applying patch `item' on input line 81.
Package microtype Info: Applying patch `toc' on input line 81.
Package microtype Info: The `eqnum' patch may not be effective because you are
(microtype)             using the mathtools package. Make sure to insert
(microtype)             `\leftprotrusion' and `\rightprotrusion' as
(microtype)             appropriate in mathtools's `\newtagform' command.
Package microtype Info: Applying patch `eqnum' on input line 81.
Package microtype Info: Applying patch `footnote' on input line 81.
Package microtype Info: Applying patch `verbatim' on input line 81.
Package microtype Info: Generating PDF output.
Package microtype Info: Character protrusion enabled (level 2).
Package microtype Info: Using default protrusion set `alltext'.
Package microtype Info: Automatic font expansion enabled (level 2),
(microtype)             stretch: 20, shrink: 20, step: 1, non-selected.
Package microtype Info: Using default expansion set `alltext-nott'.
LaTeX Info: Redefining \showhyphens on input line 81.
Package microtype Info: No adjustment of tracking.
Package microtype Info: No adjustment of spacing.
Package microtype Info: No adjustment of kerning.

("C:/Users/Adrien Dubois/AppData/Local/Programs/MiKTeX/tex/latex/microtype/mt-L
atinModernRoman.cfg"
File: mt-LatinModernRoman.cfg 2021/02/21 v1.1 microtype config. file: Latin Mod
ern Roman (RS)
)
LaTeX Info: Redefining \rmfamily on input line 81.
LaTeX Info: Redefining \sffamily on input line 81.
LaTeX Info: Redefining \ttfamily on input line 81.
LaTeX Font Info:    Trying to load font information for U+msa on input line 84.


("C:/Users/Adrien Dubois/AppData/Local/Programs/MiKTeX/tex/latex/amsfonts/umsa.
fd"
File: umsa.fd 2013/01/14 v3.01 AMS symbols A
)
("C:/Users/Adrien Dubois/AppData/Local/Programs/MiKTeX/tex/latex/microtype/mt-m
sa.cfg"
File: mt-msa.cfg 2006/02/04 v1.1 microtype config. file: AMS symbols (a) (RS)
)
LaTeX Font Info:    Trying to load font information for U+msb on input line 84.


("C:/Users/Adrien Dubois/AppData/Local/Programs/MiKTeX/tex/latex/amsfonts/umsb.
fd"
File: umsb.fd 2013/01/14 v3.01 AMS symbols B
)
("C:/Users/Adrien Dubois/AppData/Local/Programs/MiKTeX/tex/latex/microtype/mt-m
sb.cfg"
File: mt-msb.cfg 2005/06/01 v1.0 microtype config. file: AMS symbols (b) (RS)
)
("C:/Users/Adrien Dubois/AppData/Local/Programs/MiKTeX/tex/latex/microtype/mt-c
mr.cfg"
File: mt-cmr.cfg 2013/05/19 v2.2 microtype config. file: Computer Modern Roman 
(RS)
) (./main.toc
LaTeX Info: Redefining \rmfamily on input line 1.
LaTeX Info: Redefining \sffamily on input line 1.
LaTeX Info: Redefining \ttfamily on input line 1.
)
\tf@toc=\write6

\openout6 = main.toc
 [1

{C:/Users/Adrien Dubois/AppData/Local/MiKTeX/fonts/map/pdftex/pdftex.map}] [2]
Underfull \hbox (badness 10000) in paragraph at lines 264--268

 []

[3] [4]
Underfull \hbox (badness 10000) in paragraph at lines 355--356

 []


Package biblatex Warning: No driver for 'inproceeding'.
(biblatex)                Using fallback driver on input line 366.


Package biblatex Warning: Using fallback definition for \mkbibdatelong.
(biblatex)                The command should be defined in the .lbx file.
(biblatex)                If you see this message, the .lbx file could not be
(biblatex)                loaded, is faulty or does not contain a definition
(biblatex)                for \mkbibdatelong.

Package microtype Info: Loading generic protrusion settings for font family
(microtype)             `lmtt' (encoding: TU).
(microtype)             For optimal results, create family-specific settings.
(microtype)             See the microtype manual for details.

Package biblatex Warning: Bibliography string 'and' untranslated
(biblatex)                at entry 'erickson_whittlesey' on input line 366.


Package biblatex Warning: Bibliography string 'in' untranslated
(biblatex)                at entry 'erickson_whittlesey' on input line 366.


Package biblatex Warning: Using fallback definition for \mkbibdatelong.
(biblatex)                The command should be defined in the .lbx file.
(biblatex)                If you see this message, the .lbx file could not be
(biblatex)                loaded, is faulty or does not contain a definition
(biblatex)                for \mkbibdatelong.


Package biblatex Warning: Bibliography string 'january' untranslated
(biblatex)                at entry 'erickson_whittlesey' on input line 366.


Package biblatex Warning: Bibliography string 'pages' untranslated
(biblatex)                at entry 'erickson_whittlesey' on input line 366.


Package biblatex Warning: Bibliography string 'and' untranslated
(biblatex)                at entry 'loops' on input line 366.


Package biblatex Warning: Bibliography string 'in' untranslated
(biblatex)                at entry 'loops' on input line 366.


Package biblatex Warning: Using fallback definition for \mkbibdatelong.
(biblatex)                The command should be defined in the .lbx file.
(biblatex)                If you see this message, the .lbx file could not be
(biblatex)                loaded, is faulty or does not contain a definition
(biblatex)                for \mkbibdatelong.


Package biblatex Warning: Bibliography string 'pages' untranslated
(biblatex)                at entry 'loops' on input line 366.


Overfull \hbox (7.02492pt too wide) in paragraph at lines 367--367
[]\TU/lmr/m/n/10 E.C. de Verdiere [] F. Lazarus. ``Op-ti-mal sys-tem of loops on
 an ori-entable sur-face''. [](2002): [] 627636.
 []


Package biblatex Warning: Using fallback definition for \mkbibdatelong.
(biblatex)                The command should be defined in the .lbx file.
(biblatex)                If you see this message, the .lbx file could not be
(biblatex)                loaded, is faulty or does not contain a definition
(biblatex)                for \mkbibdatelong.

[5]
<../figures//arbre_couvrant_tore.PNG, id=202, 684.5575pt x 470.25688pt>
File: ../figures//arbre_couvrant_tore.PNG Graphic file (type png)
<use ../figures//arbre_couvrant_tore.PNG>
Package luatex.def Info: ../figures//arbre_couvrant_tore.PNG  used on input lin
e 386.
(luatex.def)             Requested size: 200.19054pt x 137.51909pt.
<../figures//show_finding_loops_eppstein2.PNG, id=203, 424.08438pt x 321.2pt>
File: ../figures//show_finding_loops_eppstein2.PNG Graphic file (type png)
<use ../figures//show_finding_loops_eppstein2.PNG>
Package luatex.def Info: ../figures//show_finding_loops_eppstein2.PNG  used on 
input line 391.
(luatex.def)             Requested size: 200.19054pt x 151.62077pt.
<../figures//show_finding_loops_eppstein4.PNG, id=204, 627.84563pt x 481.8pt>
File: ../figures//show_finding_loops_eppstein4.PNG Graphic file (type png)
<use ../figures//show_finding_loops_eppstein4.PNG>
Package luatex.def Info: ../figures//show_finding_loops_eppstein4.PNG  used on 
input line 396.
(luatex.def)             Requested size: 200.19054pt x 153.6204pt.
<../figures//shortest_loops_tore.PNG, id=205, 427.5975pt x 321.2pt>
File: ../figures//shortest_loops_tore.PNG Graphic file (type png)
<use ../figures//shortest_loops_tore.PNG>
Package luatex.def Info: ../figures//shortest_loops_tore.PNG  used on input lin
e 401.
(luatex.def)             Requested size: 200.19054pt x 150.37589pt.
<../figures//shortest_loops_2tore.PNG, id=206, 614.79688pt x 417.56pt>
File: ../figures//shortest_loops_2tore.PNG Graphic file (type png)
<use ../figures//shortest_loops_2tore.PNG>
Package luatex.def Info: ../figures//shortest_loops_2tore.PNG  used on input li
ne 411.
(luatex.def)             Requested size: 200.19054pt x 135.96661pt.
<../figures//loops_cubeperce.PNG, id=207, 621.32124pt x 424.08438pt>
File: ../figures//loops_cubeperce.PNG Graphic file (type png)
<use ../figures//loops_cubeperce.PNG>
Package luatex.def Info: ../figures//loops_cubeperce.PNG  used on input line 41
6.
(luatex.def)             Requested size: 200.19054pt x 136.64159pt.
The property list \polyglossia@langsetup contains the pairs (without outer
braces):
>  {latex/script}  =>  {latin}
>  {latex/lcscript}  =>  {latin}
>  {latex/scripttag}  =>  {}
>  {latex/language}  =>  {Latex}
>  {latex/langtag}  =>  {ENG}
>  {latex/bcp47}  =>  {}
>  {latex/hyphennames}  =>  {english}
>  {latex/direction}  =>  {LR}
>  {latex/hyphenmins}  =>  {2,3}
>  {latex/frenchspacing}  =>  {false}
>  {latex/indentfirst}  =>  {false}
>  {latex/fontsetup}  =>  {true}
>  {latex/envname}  =>  {latex}
>  {latex/babelname}  =>  {latex}
>  {latex/localnumeral}  =>  {polyglossia@C@localnumeral}
>  {latex/Localnumeral}  =>  {polyglossia@C@localnumeral}
>  {latex/DefineCommandsCmd}  =>  {use_none:n}.
The property list \__xpg_alias contains the pairs (without outer braces):
>  {latex/target}  =>  {latex}.
 [6<../figures//arbre_couvrant_tore.PNG><../figures//show_finding_loops_eppstein
2.PNG><../figures//show_finding_loops_eppstein4.PNG><../figures//shortest_loops_
tore.PNG>] [7<../figures//shortest_loops_2tore.PNG><../figures//loops_cubeperce.
PNG>] (./main.aux
LaTeX Info: Redefining \rmfamily on input line 25.
LaTeX Info: Redefining \sffamily on input line 25.
LaTeX Info: Redefining \ttfamily on input line 25.
)
Package rerunfilecheck Info: File `main.out' has not changed.
(rerunfilecheck)             Checksum: E4C8DBF55150D62F4900EE76CDA45654;3110.
Package logreq Info: Writing requests to 'main.run.xml'.

\openout1 = main.run.xml
)

Here is how much of LuaTeX's memory you used:
 47047 strings out of 477352
 125038,1977958 words of node,token memory allocated
 720 words of node memory still in use:
   8 hlist, 2 vlist, 2 rule, 1 local_par, 4 glue, 5 kern, 1 penalty, 2 margin_ke
rn, 5 glyph, 11 attribute, 77 glue_spec, 11 attribute_list, 2 write, 1 pdf_actio
n nodes
   avail lists: 1:1,2:794,3:457,4:273,5:502,6:122,7:8594,8:98,9:521,10:14,11:549

 66586 multiletter control sequences out of 65536+600000
 67 fonts using 5007815 bytes
 86i,10n,115p,1076b,1466s stack positions out of 10000i,1000n,20000p,200000b,80000s
<//?/c:/users/adrien dubois/appdata/local/programs/miktex/fonts/opentype/public/
lm/lmroman8-regular.otf><//?/c:/users/adrien dubois/appdata/local/programs/mikte
x/fonts/opentype/public/lm/lmmono10-regular.otf><//?/c:/users/adrien dubois/appd
ata/local/programs/miktex/fonts/opentype/public/lm/lmromancaps10-regular.otf><//
?/c:/users/adrien dubois/appdata/local/programs/miktex/fonts/opentype/public/lm/
lmroman10-italic.otf><//?/c:/users/adrien dubois/appdata/local/programs/miktex/f
onts/opentype/public/lm/lmroman10-regular.otf><//?/c:/users/adrien dubois/appdat
a/local/programs/miktex/fonts/opentype/public/lm/lmroman10-bold.otf><//?/c:/user
s/adrien dubois/appdata/local/programs/miktex/fonts/opentype/public/lm/lmroman12
-bold.otf><//?/c:/users/adrien dubois/appdata/local/programs/miktex/fonts/openty
pe/public/lm/lmroman12-regular.otf><//?/c:/users/adrien dubois/appdata/local/pro
grams/miktex/fonts/opentype/public/lm/lmroman17-regular.otf><C:/Users/Adrien Dub
ois/AppData/Local/Programs/MiKTeX/fonts/type1/public/amsfonts/cm/cmmi10.pfb><C:/
Users/Adrien Dubois/AppData/Local/Programs/MiKTeX/fonts/type1/public/amsfonts/cm
/cmmi7.pfb><C:/Users/Adrien Dubois/AppData/Local/Programs/MiKTeX/fonts/type1/pub
lic/amsfonts/cm/cmmi8.pfb><C:/Users/Adrien Dubois/AppData/Local/Programs/MiKTeX/
fonts/type1/public/amsfonts/cm/cmr10.pfb><C:/Users/Adrien Dubois/AppData/Local/P
rograms/MiKTeX/fonts/type1/public/amsfonts/cm/cmr7.pfb><C:/Users/Adrien Dubois/A
ppData/Local/Programs/MiKTeX/fonts/type1/public/amsfonts/cm/cmr8.pfb><C:/Users/A
drien Dubois/AppData/Local/Programs/MiKTeX/fonts/type1/public/amsfonts/cm/cmsy10
.pfb><C:/Users/Adrien Dubois/AppData/Local/Programs/MiKTeX/fonts/type1/public/am
sfonts/cm/cmsy6.pfb><C:/Users/Adrien Dubois/AppData/Local/Programs/MiKTeX/fonts/
type1/public/amsfonts/cm/cmsy7.pfb><C:/Users/Adrien Dubois/AppData/Local/Program
s/MiKTeX/fonts/type1/public/amsfonts/cm/cmsy8.pfb><C:/Users/Adrien Dubois/AppDat
a/Local/Programs/MiKTeX/fonts/type1/public/amsfonts/symbols/msbm10.pfb>
Output written on main.pdf (7 pages, 2667073 bytes).

PDF statistics: 328 PDF objects out of 1000 (max. 8388607)
 71 named destinations out of 1000 (max. 131072)
 160 words of extra memory for PDF output out of 10000 (max. 100000000)

